SF:lib\models\login_model.dart
DA:10,3
DA:16,3
DA:17,3
DA:18,3
DA:19,3
DA:28,3
DA:29,3
DA:31,4
DA:36,1
DA:37,1
DA:44,0
DA:45,0
DA:47,0
DA:48,0
DA:49,0
DA:50,0
DA:51,0
DA:53,0
DA:56,0
DA:59,0
LF:20
LH:10
end_of_record
SF:lib\models\chuck_model.dart
DA:12,0
DA:21,0
DA:23,0
DA:24,0
DA:25,0
DA:26,0
DA:31,1
DA:32,3
DA:33,2
DA:34,2
DA:35,2
DA:36,2
DA:37,2
DA:38,2
DA:41,0
DA:42,0
DA:43,0
DA:44,0
DA:45,0
DA:46,0
DA:47,0
DA:48,0
DA:49,0
LF:23
LH:8
end_of_record
SF:lib\repository\chuck_api_repository.dart
DA:8,1
DA:9,2
DA:10,2
DA:11,3
DA:13,1
LF:5
LH:5
end_of_record
SF:lib\controllers\create_user_controller.dart
DA:8,0
DA:9,0
DA:11,0
DA:16,0
DA:17,0
DA:19,0
LF:6
LH:0
end_of_record
SF:lib\data\prefs.dart
DA:7,0
DA:8,0
DA:9,0
DA:12,0
DA:13,0
DA:14,0
DA:17,0
DA:18,0
DA:19,0
LF:9
LH:0
end_of_record
SF:lib\controllers\home_controller.dart
DA:13,0
DA:14,0
DA:17,0
DA:19,0
DA:21,0
DA:22,0
LF:6
LH:0
end_of_record
SF:lib\pages\create_user_page.dart
DA:9,4
DA:11,1
DA:12,1
DA:24,1
DA:26,1
DA:27,1
DA:33,1
DA:35,0
DA:36,0
DA:37,0
DA:42,1
DA:43,1
DA:44,2
DA:49,0
DA:50,0
DA:52,0
DA:53,0
DA:54,0
DA:73,0
DA:74,0
DA:75,0
DA:76,0
DA:77,0
DA:78,0
DA:80,0
DA:82,0
DA:83,0
DA:93,1
DA:94,3
DA:98,3
DA:102,3
DA:103,1
DA:105,1
DA:106,1
DA:107,1
DA:108,1
DA:112,1
DA:117,1
DA:118,1
DA:119,4
DA:124,1
DA:126,1
DA:128,1
DA:129,4
DA:134,1
DA:138,1
DA:140,1
DA:141,4
DA:146,1
DA:147,1
DA:148,2
DA:149,1
DA:150,0
DA:151,0
DA:152,0
DA:154,0
DA:157,1
DA:161,1
DA:162,1
DA:178,1
DA:180,1
DA:181,2
DA:182,2
DA:183,2
LF:64
LH:43
end_of_record
SF:lib\pages\login_page.dart
DA:8,7
DA:10,1
DA:11,1
DA:20,1
DA:22,1
DA:23,1
DA:24,1
DA:27,1
DA:31,1
DA:41,1
DA:43,1
DA:44,3
DA:45,1
DA:46,1
DA:47,1
DA:48,1
DA:49,1
DA:53,1
DA:55,2
DA:56,3
DA:61,1
DA:64,1
DA:66,2
DA:67,3
DA:72,1
DA:73,1
DA:74,2
DA:75,2
DA:84,1
DA:85,1
DA:86,2
DA:88,1
DA:89,2
DA:90,2
DA:92,2
DA:93,1
DA:94,0
DA:95,0
DA:97,0
DA:98,0
DA:102,1
DA:106,1
DA:107,1
DA:119,1
DA:120,0
DA:121,0
DA:122,0
DA:136,0
DA:137,0
DA:138,0
DA:139,0
DA:140,0
DA:145,1
DA:147,1
DA:148,2
DA:149,2
LF:56
LH:44
end_of_record
SF:lib\widgets\input_widget.dart
DA:13,2
DA:23,2
DA:24,2
DA:28,2
DA:30,2
DA:32,2
DA:33,6
DA:34,2
DA:35,4
DA:36,4
DA:37,4
DA:38,4
DA:39,2
DA:40,4
DA:41,2
DA:42,2
DA:43,4
DA:50,4
DA:53,4
DA:60,0
DA:61,0
DA:62,0
LF:22
LH:19
end_of_record
SF:lib\pages\home_page.dart
DA:8,3
DA:10,0
DA:11,0
DA:14,0
DA:17,0
DA:19,0
DA:20,0
DA:23,0
DA:24,0
DA:27,0
DA:28,0
DA:31,0
DA:34,0
DA:35,0
DA:38,0
DA:40,0
DA:41,0
DA:42,0
DA:45,0
DA:47,0
DA:48,0
DA:50,0
DA:55,0
DA:57,0
DA:58,0
DA:59,0
DA:60,0
DA:61,0
DA:64,0
DA:65,0
DA:66,0
DA:67,0
DA:68,0
DA:69,0
DA:70,0
DA:75,0
LF:36
LH:1
end_of_record
